This file contains any messages produced by compilers while
running configure, to aid debugging if configure makes a mistake.

It was created by utrac configure 0.3.0, which was
generated by GNU Autoconf 2.61.  Invocation command line was

  $ ./configure 

## --------- ##
## Platform. ##
## --------- ##

hostname = batch-01
uname -m = x86_64
uname -r = 2.6.29.5
uname -s = Linux
uname -v = #2 SMP Mon Jun 22 10:22:27 CEST 2009

/usr/bin/uname -p = unknown
/bin/uname -X     = unknown

/bin/arch              = unknown
/usr/bin/arch -k       = unknown
/usr/convex/getsysinfo = unknown
/usr/bin/hostinfo      = unknown
/bin/machine           = unknown
/usr/bin/oslevel       = unknown
/bin/universe          = unknown

PATH: /usr/local/sbin
PATH: /usr/local/bin
PATH: /usr/sbin
PATH: /usr/bin
PATH: /sbin
PATH: /bin


## ----------- ##
## Core tests. ##
## ----------- ##

configure:1776: checking for a BSD-compatible install
configure:1832: result: /usr/bin/install -c
configure:1843: checking whether build environment is sane
configure:1886: result: yes
configure:1914: checking for a thread-safe mkdir -p
configure:1953: result: /bin/mkdir -p
configure:1966: checking for gawk
configure:1996: result: no
configure:1966: checking for mawk
configure:1982: found /usr/bin/mawk
configure:1993: result: mawk
configure:2004: checking whether make sets $(MAKE)
configure:2025: result: yes
configure:2263: checking for gcc
configure:2279: found /usr/bin/gcc
configure:2290: result: gcc
configure:2528: checking for C compiler version
configure:2535: gcc --version >&5
gcc (Debian 4.3.2-1.1) 4.3.2
Copyright (C) 2008 Free Software Foundation, Inc.
This is free software; see the source for copying conditions.  There is NO
warranty; not even for MERCHANTABILITY or FITNESS FOR A PARTICULAR PURPOSE.

configure:2538: $? = 0
configure:2545: gcc -v >&5
Using built-in specs.
Target: x86_64-linux-gnu
Configured with: ../src/configure -v --with-pkgversion='Debian 4.3.2-1.1' --with-bugurl=file:///usr/share/doc/gcc-4.3/README.Bugs --enable-languages=c,c++,fortran,objc,obj-c++ --prefix=/usr --enable-shared --with-system-zlib --libexecdir=/usr/lib --without-included-gettext --enable-threads=posix --enable-nls --with-gxx-include-dir=/usr/include/c++/4.3 --program-suffix=-4.3 --enable-clocale=gnu --enable-libstdcxx-debug --enable-objc-gc --enable-mpfr --enable-cld --enable-checking=release --build=x86_64-linux-gnu --host=x86_64-linux-gnu --target=x86_64-linux-gnu
Thread model: posix
gcc version 4.3.2 (Debian 4.3.2-1.1) 
configure:2548: $? = 0
configure:2555: gcc -V >&5
gcc: '-V' option must have argument
configure:2558: $? = 1
configure:2581: checking for C compiler default output file name
configure:2608: gcc    conftest.c  >&5
configure:2611: $? = 0
configure:2649: result: a.out
configure:2666: checking whether the C compiler works
configure:2676: ./a.out
configure:2679: $? = 0
configure:2696: result: yes
configure:2703: checking whether we are cross compiling
configure:2705: result: no
configure:2708: checking for suffix of executables
configure:2715: gcc -o conftest    conftest.c  >&5
configure:2718: $? = 0
configure:2742: result: 
configure:2748: checking for suffix of object files
configure:2774: gcc -c   conftest.c >&5
configure:2777: $? = 0
configure:2800: result: o
configure:2804: checking whether we are using the GNU C compiler
configure:2833: gcc -c   conftest.c >&5
configure:2839: $? = 0
configure:2856: result: yes
configure:2861: checking whether gcc accepts -g
configure:2891: gcc -c -g  conftest.c >&5
configure:2897: $? = 0
configure:2996: result: yes
configure:3013: checking for gcc option to accept ISO C89
configure:3087: gcc  -c -g -O2  conftest.c >&5
configure:3093: $? = 0
configure:3116: result: none needed
configure:3145: checking for style of include used by make
configure:3173: result: GNU
configure:3198: checking dependency style of gcc
configure:3289: result: gcc3
configure:3304: checking whether ln -s works
configure:3308: result: yes
configure:3323: checking how to run the C preprocessor
configure:3363: gcc -E  conftest.c
configure:3369: $? = 0
configure:3400: gcc -E  conftest.c
conftest.c:10:28: error: ac_nonexistent.h: No such file or directory
configure:3406: $? = 1
configure: failed program was:
| /* confdefs.h.  */
| #define PACKAGE_NAME "utrac"
| #define PACKAGE_TARNAME "utrac"
| #define PACKAGE_VERSION "0.3.0"
| #define PACKAGE_STRING "utrac 0.3.0"
| #define PACKAGE_BUGREPORT "http://utrac.sourceforge.net/"
| #define PACKAGE "utrac"
| #define VERSION "0.3.0"
| /* end confdefs.h.  */
| #include <ac_nonexistent.h>
configure:3439: result: gcc -E
configure:3468: gcc -E  conftest.c
configure:3474: $? = 0
configure:3505: gcc -E  conftest.c
conftest.c:10:28: error: ac_nonexistent.h: No such file or directory
configure:3511: $? = 1
configure: failed program was:
| /* confdefs.h.  */
| #define PACKAGE_NAME "utrac"
| #define PACKAGE_TARNAME "utrac"
| #define PACKAGE_VERSION "0.3.0"
| #define PACKAGE_STRING "utrac 0.3.0"
| #define PACKAGE_BUGREPORT "http://utrac.sourceforge.net/"
| #define PACKAGE "utrac"
| #define VERSION "0.3.0"
| /* end confdefs.h.  */
| #include <ac_nonexistent.h>
configure:3549: checking for grep that handles long lines and -e
configure:3623: result: /bin/grep
configure:3628: checking for egrep
configure:3706: result: /bin/grep -E
configure:3711: checking for ANSI C header files
configure:3741: gcc -c -g -O2  conftest.c >&5
configure:3747: $? = 0
configure:3846: gcc -o conftest -g -O2   conftest.c  >&5
configure:3849: $? = 0
configure:3855: ./conftest
configure:3858: $? = 0
configure:3875: result: yes
configure:3899: checking for sys/types.h
configure:3920: gcc -c -g -O2  conftest.c >&5
configure:3926: $? = 0
configure:3942: result: yes
configure:3899: checking for sys/stat.h
configure:3920: gcc -c -g -O2  conftest.c >&5
configure:3926: $? = 0
configure:3942: result: yes
configure:3899: checking for stdlib.h
configure:3920: gcc -c -g -O2  conftest.c >&5
configure:3926: $? = 0
configure:3942: result: yes
configure:3899: checking for string.h
configure:3920: gcc -c -g -O2  conftest.c >&5
configure:3926: $? = 0
configure:3942: result: yes
configure:3899: checking for memory.h
configure:3920: gcc -c -g -O2  conftest.c >&5
configure:3926: $? = 0
configure:3942: result: yes
configure:3899: checking for strings.h
configure:3920: gcc -c -g -O2  conftest.c >&5
configure:3926: $? = 0
configure:3942: result: yes
configure:3899: checking for inttypes.h
configure:3920: gcc -c -g -O2  conftest.c >&5
configure:3926: $? = 0
configure:3942: result: yes
configure:3899: checking for stdint.h
configure:3920: gcc -c -g -O2  conftest.c >&5
configure:3926: $? = 0
configure:3942: result: yes
configure:3899: checking for unistd.h
configure:3920: gcc -c -g -O2  conftest.c >&5
configure:3926: $? = 0
configure:3942: result: yes
configure:3974: checking fcntl.h usability
configure:3991: gcc -c -g -O2  conftest.c >&5
configure:3997: $? = 0
configure:4011: result: yes
configure:4015: checking fcntl.h presence
configure:4030: gcc -E  conftest.c
configure:4036: $? = 0
configure:4050: result: yes
configure:4083: checking for fcntl.h
configure:4091: result: yes
configure:3974: checking float.h usability
configure:3991: gcc -c -g -O2  conftest.c >&5
configure:3997: $? = 0
configure:4011: result: yes
configure:4015: checking float.h presence
configure:4030: gcc -E  conftest.c
configure:4036: $? = 0
configure:4050: result: yes
configure:4083: checking for float.h
configure:4091: result: yes
configure:3974: checking limits.h usability
configure:3991: gcc -c -g -O2  conftest.c >&5
configure:3997: $? = 0
configure:4011: result: yes
configure:4015: checking limits.h presence
configure:4030: gcc -E  conftest.c
configure:4036: $? = 0
configure:4050: result: yes
configure:4083: checking for limits.h
configure:4091: result: yes
configure:3964: checking for stdlib.h
configure:3970: result: yes
configure:3964: checking for string.h
configure:3970: result: yes
configure:3964: checking for unistd.h
configure:3970: result: yes
configure:4108: checking for stdbool.h that conforms to C99
configure:4201: gcc -c -g -O2  conftest.c >&5
configure:4207: $? = 0
configure:4222: result: yes
configure:4224: checking for _Bool
configure:4254: gcc -c -g -O2  conftest.c >&5
configure:4260: $? = 0
configure:4275: result: yes
configure:4294: checking for an ANSI C-conforming const
configure:4369: gcc -c -g -O2  conftest.c >&5
configure:4375: $? = 0
configure:4390: result: yes
configure:4400: checking for inline
configure:4426: gcc -c -g -O2  conftest.c >&5
configure:4432: $? = 0
configure:4450: result: inline
configure:4476: checking for stdlib.h
configure:4482: result: yes
configure:4616: checking for GNU libc compatible malloc
configure:4650: gcc -o conftest -g -O2   conftest.c -lm >&5
configure:4653: $? = 0
configure:4659: ./conftest
configure:4662: $? = 0
configure:4678: result: yes
configure:4711: checking for stdlib.h
configure:4717: result: yes
configure:4851: checking for GNU libc compatible realloc
configure:4885: gcc -o conftest -g -O2   conftest.c -lm >&5
configure:4888: $? = 0
configure:4894: ./conftest
configure:4897: $? = 0
configure:4913: result: yes
configure:4950: checking for floor
configure:5006: gcc -o conftest -g -O2   conftest.c -lm >&5
conftest.c:55: warning: conflicting types for built-in function 'floor'
configure:5012: $? = 0
configure:5030: result: yes
configure:4950: checking for nl_langinfo
configure:5006: gcc -o conftest -g -O2   conftest.c -lm >&5
configure:5012: $? = 0
configure:5030: result: yes
configure:4950: checking for strchr
configure:5006: gcc -o conftest -g -O2   conftest.c -lm >&5
conftest.c:57: warning: conflicting types for built-in function 'strchr'
configure:5012: $? = 0
configure:5030: result: yes
configure:4950: checking for strndup
configure:5006: gcc -o conftest -g -O2   conftest.c -lm >&5
conftest.c:58: warning: conflicting types for built-in function 'strndup'
configure:5012: $? = 0
configure:5030: result: yes
configure:4950: checking for strstr
configure:5006: gcc -o conftest -g -O2   conftest.c -lm >&5
conftest.c:59: warning: conflicting types for built-in function 'strstr'
configure:5012: $? = 0
configure:5030: result: yes
configure:4950: checking for strtoul
configure:5006: gcc -o conftest -g -O2   conftest.c -lm >&5
configure:5012: $? = 0
configure:5030: result: yes
configure:5083: checking for ranlib
configure:5099: found /usr/bin/ranlib
configure:5110: result: ranlib
configure:5283: creating ./config.status

## ---------------------- ##
## Running config.status. ##
## ---------------------- ##

This file was extended by utrac config.status 0.3.0, which was
generated by GNU Autoconf 2.61.  Invocation command line was

  CONFIG_FILES    = 
  CONFIG_HEADERS  = 
  CONFIG_LINKS    = 
  CONFIG_COMMANDS = 
  $ ./config.status 

on batch-01

config.status:621: creating Makefile
config.status:621: creating src/Makefile
config.status:812: executing depfiles commands

## ---------------- ##
## Cache variables. ##
## ---------------- ##

ac_cv_c_compiler_gnu=yes
ac_cv_c_const=yes
ac_cv_c_inline=inline
ac_cv_env_CC_set=
ac_cv_env_CC_value=
ac_cv_env_CFLAGS_set=
ac_cv_env_CFLAGS_value=
ac_cv_env_CPPFLAGS_set=
ac_cv_env_CPPFLAGS_value=
ac_cv_env_CPP_set=
ac_cv_env_CPP_value=
ac_cv_env_LDFLAGS_set=
ac_cv_env_LDFLAGS_value=
ac_cv_env_LIBS_set=
ac_cv_env_LIBS_value=
ac_cv_env_build_alias_set=
ac_cv_env_build_alias_value=
ac_cv_env_host_alias_set=
ac_cv_env_host_alias_value=
ac_cv_env_target_alias_set=
ac_cv_env_target_alias_value=
ac_cv_func_floor=yes
ac_cv_func_malloc_0_nonnull=yes
ac_cv_func_nl_langinfo=yes
ac_cv_func_realloc_0_nonnull=yes
ac_cv_func_strchr=yes
ac_cv_func_strndup=yes
ac_cv_func_strstr=yes
ac_cv_func_strtoul=yes
ac_cv_header_fcntl_h=yes
ac_cv_header_float_h=yes
ac_cv_header_inttypes_h=yes
ac_cv_header_limits_h=yes
ac_cv_header_memory_h=yes
ac_cv_header_stdbool_h=yes
ac_cv_header_stdc=yes
ac_cv_header_stdint_h=yes
ac_cv_header_stdlib_h=yes
ac_cv_header_string_h=yes
ac_cv_header_strings_h=yes
ac_cv_header_sys_stat_h=yes
ac_cv_header_sys_types_h=yes
ac_cv_header_unistd_h=yes
ac_cv_objext=o
ac_cv_path_EGREP='/bin/grep -E'
ac_cv_path_GREP=/bin/grep
ac_cv_path_install='/usr/bin/install -c'
ac_cv_path_mkdir=/bin/mkdir
ac_cv_prog_AWK=mawk
ac_cv_prog_CPP='gcc -E'
ac_cv_prog_ac_ct_CC=gcc
ac_cv_prog_ac_ct_RANLIB=ranlib
ac_cv_prog_cc_c89=
ac_cv_prog_cc_g=yes
ac_cv_prog_make_make_set=yes
ac_cv_type__Bool=yes
am_cv_CC_dependencies_compiler_type=gcc3

## ----------------- ##
## Output variables. ##
## ----------------- ##

ACLOCAL='${SHELL} /usr/src/utrac-0.3.0/missing --run aclocal-1.10'
AMDEPBACKSLASH='\'
AMDEP_FALSE='#'
AMDEP_TRUE=''
AMTAR='${SHELL} /usr/src/utrac-0.3.0/missing --run tar'
AUTOCONF='${SHELL} /usr/src/utrac-0.3.0/missing --run autoconf'
AUTOHEADER='${SHELL} /usr/src/utrac-0.3.0/missing --run autoheader'
AUTOMAKE='${SHELL} /usr/src/utrac-0.3.0/missing --run automake-1.10'
AWK='mawk'
CC='gcc'
CCDEPMODE='depmode=gcc3'
CFLAGS='-g -O2'
CPP='gcc -E'
CPPFLAGS=''
CYGPATH_W='echo'
DEFS='-DPACKAGE_NAME=\"utrac\" -DPACKAGE_TARNAME=\"utrac\" -DPACKAGE_VERSION=\"0.3.0\" -DPACKAGE_STRING=\"utrac\ 0.3.0\" -DPACKAGE_BUGREPORT=\"http://utrac.sourceforge.net/\" -DPACKAGE=\"utrac\" -DVERSION=\"0.3.0\" -DSTDC_HEADERS=1 -DHAVE_SYS_TYPES_H=1 -DHAVE_SYS_STAT_H=1 -DHAVE_STDLIB_H=1 -DHAVE_STRING_H=1 -DHAVE_MEMORY_H=1 -DHAVE_STRINGS_H=1 -DHAVE_INTTYPES_H=1 -DHAVE_STDINT_H=1 -DHAVE_UNISTD_H=1 -DHAVE_FCNTL_H=1 -DHAVE_FLOAT_H=1 -DHAVE_LIMITS_H=1 -DHAVE_STDLIB_H=1 -DHAVE_STRING_H=1 -DHAVE_UNISTD_H=1 -DHAVE__BOOL=1 -DHAVE_STDBOOL_H=1 -DHAVE_STDLIB_H=1 -DHAVE_MALLOC=1 -DHAVE_STDLIB_H=1 -DHAVE_REALLOC=1 -DHAVE_FLOOR=1 -DHAVE_NL_LANGINFO=1 -DHAVE_STRCHR=1 -DHAVE_STRNDUP=1 -DHAVE_STRSTR=1 -DHAVE_STRTOUL=1'
DEPDIR='.deps'
ECHO_C=''
ECHO_N='-n'
ECHO_T=''
EGREP='/bin/grep -E'
EXEEXT=''
GREP='/bin/grep'
INSTALL_DATA='${INSTALL} -m 644'
INSTALL_PROGRAM='${INSTALL}'
INSTALL_SCRIPT='${INSTALL}'
INSTALL_STRIP_PROGRAM='$(install_sh) -c -s'
LDFLAGS=''
LIBOBJS=''
LIBS='-lm'
LN_S='ln -s'
LTLIBOBJS=''
MAKEINFO='${SHELL} /usr/src/utrac-0.3.0/missing --run makeinfo'
OBJEXT='o'
PACKAGE='utrac'
PACKAGE_BUGREPORT='http://utrac.sourceforge.net/'
PACKAGE_NAME='utrac'
PACKAGE_STRING='utrac 0.3.0'
PACKAGE_TARNAME='utrac'
PACKAGE_VERSION='0.3.0'
PATH_SEPARATOR=':'
RANLIB='ranlib'
SET_MAKE=''
SHELL='/bin/sh'
STRIP=''
VERSION='0.3.0'
ac_ct_CC='gcc'
am__fastdepCC_FALSE='#'
am__fastdepCC_TRUE=''
am__include='include'
am__isrc=''
am__leading_dot='.'
am__quote=''
am__tar='${AMTAR} chof - "$$tardir"'
am__untar='${AMTAR} xf -'
bindir='${exec_prefix}/bin'
build_alias=''
datadir='${datarootdir}'
datarootdir='${prefix}/share'
docdir='${datarootdir}/doc/${PACKAGE_TARNAME}'
dvidir='${docdir}'
exec_prefix='${prefix}'
host_alias=''
htmldir='${docdir}'
includedir='${prefix}/include'
infodir='${datarootdir}/info'
install_sh='$(SHELL) /usr/src/utrac-0.3.0/install-sh'
libdir='${exec_prefix}/lib'
libexecdir='${exec_prefix}/libexec'
localedir='${datarootdir}/locale'
localstatedir='${prefix}/var'
mandir='${datarootdir}/man'
mkdir_p='/bin/mkdir -p'
oldincludedir='/usr/include'
pdfdir='${docdir}'
prefix='/usr/local'
program_transform_name='s,x,x,'
psdir='${docdir}'
sbindir='${exec_prefix}/sbin'
sharedstatedir='${prefix}/com'
sysconfdir='${prefix}/etc'
target_alias=''

## ----------- ##
## confdefs.h. ##
## ----------- ##

#define PACKAGE_NAME "utrac"
#define PACKAGE_TARNAME "utrac"
#define PACKAGE_VERSION "0.3.0"
#define PACKAGE_STRING "utrac 0.3.0"
#define PACKAGE_BUGREPORT "http://utrac.sourceforge.net/"
#define PACKAGE "utrac"
#define VERSION "0.3.0"
#define STDC_HEADERS 1
#define HAVE_SYS_TYPES_H 1
#define HAVE_SYS_STAT_H 1
#define HAVE_STDLIB_H 1
#define HAVE_STRING_H 1
#define HAVE_MEMORY_H 1
#define HAVE_STRINGS_H 1
#define HAVE_INTTYPES_H 1
#define HAVE_STDINT_H 1
#define HAVE_UNISTD_H 1
#define HAVE_FCNTL_H 1
#define HAVE_FLOAT_H 1
#define HAVE_LIMITS_H 1
#define HAVE_STDLIB_H 1
#define HAVE_STRING_H 1
#define HAVE_UNISTD_H 1
#define HAVE__BOOL 1
#define HAVE_STDBOOL_H 1
#define HAVE_STDLIB_H 1
#define HAVE_MALLOC 1
#define HAVE_STDLIB_H 1
#define HAVE_REALLOC 1
#define HAVE_FLOOR 1
#define HAVE_NL_LANGINFO 1
#define HAVE_STRCHR 1
#define HAVE_STRNDUP 1
#define HAVE_STRSTR 1
#define HAVE_STRTOUL 1

configure: exit 0
